C51 COMPILER V9.60.7.0   LCD                                                               08/28/2025 22:37:30 PAGE 1   


C51 COMPILER V9.60.7.0, COMPILATION OF MODULE LCD
OBJECT MODULE PLACED IN .\Objects\lcd.obj
COMPILER INVOKED BY: C:\Keil_v5\C51\BIN\C51.EXE lcd.c OPTIMIZE(8,SPEED) BROWSE DEBUG OBJECTEXTEND PRINT(.\Listings\lcd.l
                    -st) TABS(2) OBJECT(.\Objects\lcd.obj)

line level    source

   1          #include<reg51.h>
   2          #define LCD_PORT P3
   3          sbit RS=P2^0;
   4          sbit RW=P2^1;
   5          sbit E=P2^2;
   6          void delay(unsigned int time){
   7   1        int i,j;
   8   1        for(i=0;i<time;i++){
   9   2          for(j=0;j<1275;j++);
  10   2        }
  11   1      }
  12          void lcd_cmd(unsigned char cmd){
  13   1        LCD_PORT=cmd;
  14   1        RS=0;
  15   1        RW=0;
  16   1        E=1;
  17   1        delay(1);
  18   1        E=0;
  19   1        delay(2);
  20   1      }
  21          void lcd_init(){
  22   1        delay(20);
  23   1        lcd_cmd(0x38);
  24   1        delay(5);
  25   1        lcd_cmd(0x38);
  26   1        delay(1);
  27   1        lcd_cmd(0x38);
  28   1        lcd_cmd(0x0C);
  29   1        lcd_cmd(0x06);
  30   1        lcd_cmd(0x01);
  31   1        delay(2);
  32   1      }
  33          void lcd_data(unsigned char dat){
  34   1        LCD_PORT=dat;
  35   1        RS=1;
  36   1        RW=0;
  37   1        E=1;
  38   1        delay(1);
  39   1        E=0;
  40   1        delay(2);
  41   1      }
  42          
  43          void lcd_string(unsigned char *str){
  44   1        unsigned int i;
  45   1        for(i=0;str[i]!='\0';i++){
  46   2          lcd_data(str[i]);
  47   2        }
  48   1      }
  49          int main(){
  50   1        lcd_init();
  51   1        lcd_string("Hello World");
  52   1        lcd_cmd(0xC0);
  53   1        lcd_string("Bye World");
  54   1        while(1);
C51 COMPILER V9.60.7.0   LCD                                                               08/28/2025 22:37:30 PAGE 2   

  55   1        return 0;
  56   1      }
*** WARNING C294 IN LINE 55 OF lcd.c: unreachable code


MODULE INFORMATION:   STATIC OVERLAYABLE
   CODE SIZE        =    181    ----
   CONSTANT SIZE    =     22    ----
   XDATA SIZE       =   ----    ----
   PDATA SIZE       =   ----    ----
   DATA SIZE        =   ----       5
   IDATA SIZE       =   ----    ----
   BIT SIZE         =   ----    ----
END OF MODULE INFORMATION.


C51 COMPILATION COMPLETE.  1 WARNING(S),  0 ERROR(S)
