C51 COMPILER V9.60.7.0   THREE_WAY                                                         08/21/2025 11:53:43 PAGE 1   


C51 COMPILER V9.60.7.0, COMPILATION OF MODULE THREE_WAY
OBJECT MODULE PLACED IN .\Objects\three_way.obj
COMPILER INVOKED BY: C:\Keil_v5\C51\BIN\C51.EXE three_way.c OPTIMIZE(8,SPEED) BROWSE DEBUG OBJECTEXTEND PRINT(.\Listings
                    -\three_way.lst) TABS(2) OBJECT(.\Objects\three_way.obj)

line level    source

   1          #include<reg51.h>
   2          sbit red_led1=P2^0;
   3          sbit yellow_led1=P2^1;
   4          sbit green_led1=P2^2;
   5          
   6          sbit red_led2=P2^3;
   7          sbit yellow_led2=P2^4;
   8          sbit green_led2=P2^5;
   9          
  10          sbit red_led3=P3^0;
  11          sbit yellow_led3=P3^1;
  12          sbit green_led3=P3^2;
  13          
  14          void delay(unsigned int time){
  15   1        int i,j;
  16   1        for(i=0;i<time;i++){
  17   2          for(j=0;j<1275;j++);
  18   2        }   
  19   1      }
  20          int main(){
  21   1        while(1){
  22   2          red_led1=0;
  23   2          yellow_led1=0;
  24   2          green_led1=1;
  25   2          red_led2=1;
  26   2          yellow_led2=0;
  27   2          green_led2=0;
  28   2          red_led3=1;
  29   2          yellow_led3=0;
  30   2          green_led3=0;
  31   2          delay(200);
  32   2          
  33   2          red_led2=0;
  34   2          yellow_led2=1;
  35   2          green_led2=0;
  36   2          delay(200);
  37   2          
  38   2          red_led1=1;
  39   2          yellow_led1=0;
  40   2          green_led1=0;
  41   2          red_led2=0;
  42   2          yellow_led2=0;
  43   2          green_led2=1;
  44   2          delay(200);
  45   2          
  46   2          red_led3=0;
  47   2          yellow_led3=1;
  48   2          green_led3=0;
  49   2          delay(200);
  50   2          
  51   2          red_led3=0;
  52   2          yellow_led3=0;
  53   2          green_led3=1;
  54   2          red_led2=1;
C51 COMPILER V9.60.7.0   THREE_WAY                                                         08/21/2025 11:53:43 PAGE 2   

  55   2          yellow_led2=0;
  56   2          green_led2=0;
  57   2          red_led1=0;
  58   2          yellow_led1=1;
  59   2          green_led1=0;
  60   2          delay(200);
  61   2        }
  62   1        return 0;
  63   1      }
*** WARNING C294 IN LINE 62 OF three_way.c: unreachable code


MODULE INFORMATION:   STATIC OVERLAYABLE
   CODE SIZE        =    113    ----
   CONSTANT SIZE    =   ----    ----
   XDATA SIZE       =   ----    ----
   PDATA SIZE       =   ----    ----
   DATA SIZE        =   ----    ----
   IDATA SIZE       =   ----    ----
   BIT SIZE         =   ----    ----
END OF MODULE INFORMATION.


C51 COMPILATION COMPLETE.  1 WARNING(S),  0 ERROR(S)
