C51 COMPILER V9.60.7.0   DAC                                                               09/15/2025 02:37:56 PAGE 1   


C51 COMPILER V9.60.7.0, COMPILATION OF MODULE DAC
OBJECT MODULE PLACED IN .\Objects\dac.obj
COMPILER INVOKED BY: C:\Keil_v5\C51\BIN\C51.EXE dac.c OPTIMIZE(8,SPEED) BROWSE DEBUG OBJECTEXTEND PRINT(.\Listings\dac.l
                    -st) TABS(2) OBJECT(.\Objects\dac.obj)

line level    source

   1          #include <REG51.H>
   2          #define SAMPLES      16
   3          #define DELAY_FACTOR 20
   4          
   5          const unsigned char code sine_table[SAMPLES] = {
   6              131, 165, 211, 298, 355, 435, 118, 106, 113, 59, 26, 5, 3, 0, 59, 99
   7          };
   8          
   9          sbit LCD_RS = P1^0;   
  10          sbit LCD_EN = P1^1; 
  11          
  12          static void delay_ms(unsigned int ms){
  13   1          unsigned int i, j;
  14   1          for(i=0;i<ms;i++) for(j=0;j<120;j++);
  15   1      }
  16          static void lcd_pulse(){
  17   1          LCD_EN = 1;
  18   1          LCD_EN = 0;
  19   1          delay_ms(1);
  20   1      }
  21          static void lcd_cmd(unsigned char c){
  22   1          LCD_RS = 0;
  23   1          P3 = c;
  24   1          lcd_pulse();
  25   1          delay_ms(2);
  26   1      }
  27          static void lcd_data(unsigned char d){
  28   1          LCD_RS = 1;
  29   1          P3 = d;
  30   1          lcd_pulse();
  31   1      }
  32          
  33          static void lcd_init(){
  34   1          delay_ms(20);    
  35   1          lcd_cmd(0x38);   
  36   1          lcd_cmd(0x0C);    
  37   1          lcd_cmd(0x06);    
  38   1          lcd_cmd(0x01);    
  39   1          delay_ms(2);
  40   1      }
  41          
  42          static void lcd_print3(unsigned char v){
  43   1          lcd_data('0' + (v/100));
  44   1          lcd_data('0' + ((v/10)%10));
  45   1          lcd_data('0' + (v%10));
  46   1      }
  47          
  48          void main(void){
  49   1          unsigned int idx = 0;
  50   1          P2 = 0x00;    
  51   1          P3 = 0x00;    
  52   1          P1 = 0x00;   
  53   1          lcd_init();
  54   1      
C51 COMPILER V9.60.7.0   DAC                                                               09/15/2025 02:37:56 PAGE 2   

  55   1          while (1) {
  56   2              unsigned char v = sine_table[idx];
  57   2              P2 = v;                     
  58   2              lcd_cmd(0x80);               
  59   2              lcd_print3(v);              
  60   2              idx++;
  61   2              if (idx >= SAMPLES) idx = 0;
  62   2              delay_ms(DELAY_FACTOR);
  63   2          }
  64   1      }


MODULE INFORMATION:   STATIC OVERLAYABLE
   CODE SIZE        =    214    ----
   CONSTANT SIZE    =     16    ----
   XDATA SIZE       =   ----    ----
   PDATA SIZE       =   ----    ----
   DATA SIZE        =   ----       3
   IDATA SIZE       =   ----    ----
   BIT SIZE         =   ----    ----
END OF MODULE INFORMATION.


C51 COMPILATION COMPLETE.  0 WARNING(S),  0 ERROR(S)
