C51 COMPILER V9.60.7.0   DAC                                                               09/15/2025 01:23:53 PAGE 1   


C51 COMPILER V9.60.7.0, COMPILATION OF MODULE DAC
OBJECT MODULE PLACED IN .\Objects\dac.obj
COMPILER INVOKED BY: C:\Keil_v5\C51\BIN\C51.EXE dac.c OPTIMIZE(8,SPEED) BROWSE DEBUG OBJECTEXTEND PRINT(.\Listings\dac.l
                    -st) TABS(2) OBJECT(.\Objects\dac.obj)

line level    source

   1          #include <REG51.H>
   2          
   3          #define SAMPLES      16
   4          #define DELAY_FACTOR 20
   5          
   6          const unsigned char code sine_table[SAMPLES] = {
   7              128, 176, 218, 245, 255, 245, 218, 176, 128, 79, 37, 10, 0, 10, 37, 79
   8          };
   9          
  10          void delay(unsigned int d)
  11          {
  12   1          unsigned int i, j;
  13   1          for (i = 0; i < d; i++) {
  14   2              for (j = 0; j < 120; j++) {
  15   3              }
  16   2          }
  17   1      }
  18          
  19          void main(void)
  20          {
  21   1          unsigned int idx = 0;
  22   1          while (1) {
  23   2              P2 = sine_table[idx];
  24   2              idx++;
  25   2              if (idx >= SAMPLES) idx = 0;
  26   2              delay(DELAY_FACTOR);
  27   2          }
  28   1      }


MODULE INFORMATION:   STATIC OVERLAYABLE
   CODE SIZE        =     84    ----
   CONSTANT SIZE    =     16    ----
   XDATA SIZE       =   ----    ----
   PDATA SIZE       =   ----    ----
   DATA SIZE        =   ----       2
   IDATA SIZE       =   ----    ----
   BIT SIZE         =   ----    ----
END OF MODULE INFORMATION.


C51 COMPILATION COMPLETE.  0 WARNING(S),  0 ERROR(S)
